Using pre-set license
Built from '2020.3/release' branch; Version is '2020.3.27f1 (e759542391ea) revision 15161684'; Using compiler version '192528614'; Build Type 'Release'
OS: 'Windows 10  (10.0.19042) 64bit Core' Language: 'en' Physical Memory: 16218 MB
BatchMode: 1, IsHumanControllingUs: 0, StartBugReporterOnCrash: 0, Is64bit: 1, IsPro: 0

COMMAND LINE ARGUMENTS:
C:\Program Files\Unity\Hub\Editor\2020.3.27f1\Editor\Unity.exe
-adb2
-batchMode
-noUpm
-name
AssetImportWorker0
-projectPath
C:/Users/18572/Timer Component
-logFile
Logs/AssetImportWorker0.log
-srvPort
52895
Successfully changed project path to: C:/Users/18572/Timer Component
C:/Users/18572/Timer Component
Using Asset Import Pipeline V2.
Refreshing native plugins compatible for Editor in 175.46 ms, found 2 plugins.
Preloading 0 native plugins for Editor in 0.00 ms.
Initialize engine version: 2020.3.27f1 (e759542391ea)
[Subsystems] Discovering subsystems at path C:/Program Files/Unity/Hub/Editor/2020.3.27f1/Editor/Data/Resources/UnitySubsystems
[Subsystems] Discovering subsystems at path C:/Users/18572/Timer Component/Assets
GfxDevice: creating device client; threaded=0
Direct3D:
    Version:  Direct3D 11.0 [level 11.1]
    Renderer: Intel(R) UHD Graphics (ID=0x9b41)
    Vendor:   
    VRAM:     8109 MB
    Driver:   27.20.100.8681
Initialize mono
Mono path[0] = 'C:/Program Files/Unity/Hub/Editor/2020.3.27f1/Editor/Data/Managed'
Mono path[1] = 'C:/Program Files/Unity/Hub/Editor/2020.3.27f1/Editor/Data/MonoBleedingEdge/lib/mono/unityjit'
Mono config path = 'C:/Program Files/Unity/Hub/Editor/2020.3.27f1/Editor/Data/MonoBleedingEdge/etc'
Using monoOptions --debugger-agent=transport=dt_socket,embedding=1,server=y,suspend=n,address=127.0.0.1:56572
Begin MonoManager ReloadAssembly
Registering precompiled unity dll's ...
Register platform support module: C:/Program Files/Unity/Hub/Editor/2020.3.27f1/Editor/Data/PlaybackEngines/WebGLSupport/UnityEditor.WebGL.Extensions.dll
Register platform support module: C:/Program Files/Unity/Hub/Editor/2020.3.27f1/Editor/Data/PlaybackEngines/WindowsStandaloneSupport/UnityEditor.WindowsStandalone.Extensions.dll
Registered in 0.006007 seconds.
Native extension for WindowsStandalone target not found
Native extension for WebGL target not found
Refreshing native plugins compatible for Editor in 83.88 ms, found 2 plugins.
Preloading 0 native plugins for Editor in 0.00 ms.
Mono: successfully reloaded assembly
- Completed reload, in  1.809 seconds
Domain Reload Profiling:
	ReloadAssembly (1810ms)
		BeginReloadAssembly (194ms)
			ExecutionOrderSort (0ms)
			DisableScriptedObjects (0ms)
			BackupInstance (0ms)
			ReleaseScriptingObjects (0ms)
			CreateAndSetChildDomain (1ms)
		EndReloadAssembly (1419ms)
			LoadAssemblies (189ms)
			RebuildTransferFunctionScriptingTraits (0ms)
			SetupTypeCache (481ms)
			ReleaseScriptCaches (0ms)
			RebuildScriptCaches (85ms)
			SetupLoadedEditorAssemblies (516ms)
				LogAssemblyErrors (0ms)
				InitializePlatformSupportModulesInManaged (14ms)
				SetLoadedEditorAssemblies (1ms)
				RefreshPlugins (84ms)
				BeforeProcessingInitializeOnLoad (48ms)
				ProcessInitializeOnLoadAttributes (275ms)
				ProcessInitializeOnLoadMethodAttributes (94ms)
				AfterProcessingInitializeOnLoad (0ms)
				EditorAssembliesLoaded (1ms)
			ExecutionOrderSort2 (0ms)
			AwakeInstancesAfterBackupRestoration (0ms)
Platform modules already initialized, skipping
Registering precompiled user dll's ...
Registered in 0.015150 seconds.
Begin MonoManager ReloadAssembly
Native extension for WindowsStandalone target not found
Native extension for WebGL target not found
Refreshing native plugins compatible for Editor in 0.67 ms, found 2 plugins.
Preloading 0 native plugins for Editor in 0.00 ms.
Mono: successfully reloaded assembly
- Completed reload, in  3.053 seconds
Domain Reload Profiling:
	ReloadAssembly (3055ms)
		BeginReloadAssembly (411ms)
			ExecutionOrderSort (0ms)
			DisableScriptedObjects (15ms)
			BackupInstance (0ms)
			ReleaseScriptingObjects (0ms)
			CreateAndSetChildDomain (43ms)
		EndReloadAssembly (2492ms)
			LoadAssemblies (252ms)
			RebuildTransferFunctionScriptingTraits (0ms)
			SetupTypeCache (858ms)
			ReleaseScriptCaches (1ms)
			RebuildScriptCaches (168ms)
			SetupLoadedEditorAssemblies (923ms)
				LogAssemblyErrors (0ms)
				InitializePlatformSupportModulesInManaged (16ms)
				SetLoadedEditorAssemblies (2ms)
				RefreshPlugins (1ms)
				BeforeProcessingInitializeOnLoad (238ms)
				ProcessInitializeOnLoadAttributes (615ms)
				ProcessInitializeOnLoadMethodAttributes (27ms)
				AfterProcessingInitializeOnLoad (24ms)
				EditorAssembliesLoaded (1ms)
			ExecutionOrderSort2 (0ms)
			AwakeInstancesAfterBackupRestoration (19ms)
Platform modules already initialized, skipping
========================================================================
Worker process is ready to serve import requests
Launched and connected shader compiler UnityShaderCompiler.exe after 0.19 seconds
Refreshing native plugins compatible for Editor in 0.39 ms, found 2 plugins.
Preloading 0 native plugins for Editor in 0.00 ms.
Unloading 1503 Unused Serialized files (Serialized files now loaded: 0)
System memory in use before: 67.5 MB.
System memory in use after: 67.6 MB.

Unloading 19 unused Assets to reduce memory usage. Loaded Objects now: 1936.
Total: 4.057300 ms (FindLiveObjects: 0.178600 ms CreateObjectMapping: 0.066300 ms MarkObjects: 3.724900 ms  DeleteObjects: 0.086400 ms)

AssetImportParameters requested are different than current active one (requested -> active):
  custom:framework-win-MediaFoundation: 216162199b28c13a410421893ffa2e32 -> 
  custom:video-decoder-ogg-theora: a1e56fd34408186e4bbccfd4996cb3dc -> 
  custom:container-muxer-webm: aa71ff27fc2769a1b78a27578f13a17b -> 
  custom:container-demuxer-webm: 4f35f7cbe854078d1ac9338744f61a02 -> 
  custom:container-demuxer-ogg: 62fdf1f143b41e24485cea50d1cbac27 -> 
  custom:video-encoder-webm-vp8: eb34c28f22e8b96e1ab97ce403110664 -> 
  custom:video-decoder-webm-vp8: 9c59270c3fd7afecdb556c50c9e8de78 -> 
  custom:audio-decoder-ogg-vorbis: bf7c407c2cedff20999df2af8eb42d56 -> 
  custom:audio-encoder-webm-vorbis: bf7c407c2cedff20999df2af8eb42d56 -> 
========================================================================
Received Import Request.
  path: Assets
  artifactKey: Guid(00000000000000001000000000000000) Importer(815301076,1909f56bfc062723c751e8b465ee728b)
Start importing Assets using Guid(00000000000000001000000000000000) Importer(815301076,1909f56bfc062723c751e8b465ee728b)  -> (artifact id: '42d402b061de3733987d63b9cc3b64de') in 0.087726 seconds 
  Import took 0.095417 seconds .

========================================================================
Received Import Request.
  Time since last request: 10.237303 seconds.
  path: Assets/Prefabs
  artifactKey: Guid(eb80f958f80bdef4a940546e8e4e14ae) Importer(815301076,1909f56bfc062723c751e8b465ee728b)
Start importing Assets/Prefabs using Guid(eb80f958f80bdef4a940546e8e4e14ae) Importer(815301076,1909f56bfc062723c751e8b465ee728b)  -> (artifact id: '1167e450d502fde32dd2738ab46cf427') in 0.070383 seconds 
  Import took 0.076514 seconds .

========================================================================
Received Import Request.
  Time since last request: 5.529388 seconds.
  path: Assets/Prefabs/clock.PNG
  artifactKey: Guid(cb2406ac70e4f224d8a831cc8a755f2a) Importer(815301076,1909f56bfc062723c751e8b465ee728b)
Start importing Assets/Prefabs/clock.PNG using Guid(cb2406ac70e4f224d8a831cc8a755f2a) Importer(815301076,1909f56bfc062723c751e8b465ee728b)  -> (artifact id: '16490f33c41ad18c58bf5ac5e74f1307') in 0.382103 seconds 
  Import took 0.387408 seconds .

========================================================================
Received Import Request.
  Time since last request: 373.590023 seconds.
  path: Assets/Scenes
  artifactKey: Guid(ad6ad3f8ede95194dbd543095f8e3522) Importer(815301076,1909f56bfc062723c751e8b465ee728b)
Start importing Assets/Scenes using Guid(ad6ad3f8ede95194dbd543095f8e3522) Importer(815301076,1909f56bfc062723c751e8b465ee728b)  -> (artifact id: '5f5fc1fb1d03247c0c6bb22bfd3ca2a0') in 0.015315 seconds 
  Import took 0.029164 seconds .

========================================================================
Received Import Request.
  Time since last request: 170.621286 seconds.
  path: Assets/Art
  artifactKey: Guid(cc81d1cf51f84ab4386345c55f9b53f2) Importer(815301076,1909f56bfc062723c751e8b465ee728b)
Start importing Assets/Art using Guid(cc81d1cf51f84ab4386345c55f9b53f2) Importer(815301076,1909f56bfc062723c751e8b465ee728b)  -> (artifact id: 'a3e7a586289769b0d27d60ba9b2eff46') in 0.012514 seconds 
  Import took 0.017854 seconds .

========================================================================
Received Import Request.
  Time since last request: 18.085318 seconds.
  path: Assets/Art/clock.PNG
  artifactKey: Guid(b66a2aed9f9cc2e499d506b868c53cfc) Importer(815301076,1909f56bfc062723c751e8b465ee728b)
Start importing Assets/Art/clock.PNG using Guid(b66a2aed9f9cc2e499d506b868c53cfc) Importer(815301076,1909f56bfc062723c751e8b465ee728b)  -> (artifact id: '7f6728a1d7233a6f1d83059c4705b1f9') in 0.036536 seconds 
  Import took 0.047995 seconds .

========================================================================
Received Import Request.
  Time since last request: 23.802802 seconds.
  path: Assets/Art/clock.PNG
  artifactKey: Guid(b66a2aed9f9cc2e499d506b868c53cfc) Importer(815301076,1909f56bfc062723c751e8b465ee728b)
Start importing Assets/Art/clock.PNG using Guid(b66a2aed9f9cc2e499d506b868c53cfc) Importer(815301076,1909f56bfc062723c751e8b465ee728b)  -> (artifact id: '3661715360f38188766d79204b98c39a') in 0.120689 seconds 
  Import took 0.126757 seconds .

========================================================================
Received Import Request.
  Time since last request: 1440.280065 seconds.
  path: Assets/Art/clocck.png
  artifactKey: Guid(8a64efc391d2027449d08169f3b32ece) Importer(815301076,1909f56bfc062723c751e8b465ee728b)
Start importing Assets/Art/clocck.png using Guid(8a64efc391d2027449d08169f3b32ece) Importer(815301076,1909f56bfc062723c751e8b465ee728b)  -> (artifact id: '8efb82bca8e73624be80704a41b9cfd9') in 0.099833 seconds 
  Import took 0.113424 seconds .

========================================================================
Received Import Request.
  Time since last request: 25.646537 seconds.
  path: Assets/Art/clocck.png
  artifactKey: Guid(8a64efc391d2027449d08169f3b32ece) Importer(815301076,1909f56bfc062723c751e8b465ee728b)
Start importing Assets/Art/clocck.png using Guid(8a64efc391d2027449d08169f3b32ece) Importer(815301076,1909f56bfc062723c751e8b465ee728b)  -> (artifact id: 'a4bb8688ae58f9dad1b0581576111adf') in 0.037596 seconds 
  Import took 0.041933 seconds .

========================================================================
Received Import Request.
  Time since last request: 218642.629666 seconds.
  path: Assets/Art/Helvetica.ttf
  artifactKey: Guid(682707987efc1514786d8a722788dd9f) Importer(815301076,1909f56bfc062723c751e8b465ee728b)
Start importing Assets/Art/Helvetica.ttf using Guid(682707987efc1514786d8a722788dd9f) Importer(815301076,1909f56bfc062723c751e8b465ee728b)  -> (artifact id: '2153e5bab5dee9b468e99f2fa3666d06') in 0.906846 seconds 
  Import took 0.959690 seconds .

AssetImportWorkerClient::OnTransportError - code=2 error=End of file
